2025-12-28 12:11:07,091 - INFO - Using device: cpu
2025-12-28 12:11:07,092 - INFO - CUDA available: False
2025-12-28 12:11:07,099 - INFO - Environment initialized
2025-12-28 12:11:07,099 - INFO - Screen dimensions: 480x640x3
2025-12-28 12:11:07,099 - INFO - Number of actions: 5
2025-12-28 12:11:07,164 - INFO - Networks initialized
2025-12-28 12:11:07,165 - INFO - Policy network parameters: 742085
2025-12-28 12:11:10,676 - INFO - ============================================================
2025-12-28 12:11:10,677 - INFO - Training Configuration:
2025-12-28 12:11:10,677 - INFO -   BATCH_SIZE: 32
2025-12-28 12:11:10,677 - INFO -   GAMMA: 0.99
2025-12-28 12:11:10,677 - INFO -   EPS_START: 0.9, EPS_END: 0.05, EPS_DECAY: 1000
2025-12-28 12:11:10,678 - INFO -   TAU: 0.005
2025-12-28 12:11:10,678 - INFO -   Learning Rate: 0.0001
2025-12-28 12:11:10,678 - INFO -   NUM_EPISODES: 600
2025-12-28 12:11:10,678 - INFO -   Memory Size: 10000
2025-12-28 12:11:10,678 - INFO -   TARGET_UPDATE: 10 episodes
2025-12-28 12:11:10,678 - INFO -   OPTIMIZE_EVERY: 4 steps
2025-12-28 12:11:10,678 - INFO - ============================================================
2025-12-28 12:11:10,678 - INFO - Starting training...
2025-12-28 12:11:10,703 - INFO - Making step 0..
2025-12-28 12:11:10,712 - INFO - Making step 1..
2025-12-28 12:11:10,715 - INFO - Making step 2..
2025-12-28 12:11:10,718 - INFO - Making step 3..
2025-12-28 12:11:10,719 - INFO - Optimizing..
2025-12-28 12:11:10,719 - INFO - Done.
2025-12-28 12:11:10,721 - INFO - Making step 4..
2025-12-28 12:11:10,725 - INFO - Making step 5..
2025-12-28 12:11:10,855 - INFO - Making step 6..
2025-12-28 12:11:10,859 - INFO - Making step 7..
2025-12-28 12:11:10,861 - INFO - Optimizing..
2025-12-28 12:11:10,861 - INFO - Done.
2025-12-28 12:11:10,865 - INFO - Making step 8..
2025-12-28 12:11:10,869 - INFO - Making step 9..
2025-12-28 12:11:10,872 - INFO - Making step 10..
2025-12-28 12:11:10,875 - INFO - Making step 11..
2025-12-28 12:11:10,877 - INFO - Optimizing..
2025-12-28 12:11:10,877 - INFO - Done.
2025-12-28 12:11:10,879 - INFO - Making step 12..
2025-12-28 12:11:10,883 - INFO - Making step 13..
2025-12-28 12:11:10,886 - INFO - Making step 14..
2025-12-28 12:11:10,892 - INFO - Making step 15..
2025-12-28 12:11:10,893 - INFO - Optimizing..
2025-12-28 12:11:10,894 - INFO - Done.
2025-12-28 12:11:10,896 - INFO - Making step 16..
2025-12-28 12:11:10,903 - INFO - Making step 17..
2025-12-28 12:11:10,906 - INFO - Making step 18..
2025-12-28 12:11:10,912 - INFO - Making step 19..
2025-12-28 12:11:10,913 - INFO - Optimizing..
2025-12-28 12:11:10,914 - INFO - Done.
2025-12-28 12:11:10,916 - INFO - Making step 20..
2025-12-28 12:11:10,921 - INFO - Making step 21..
2025-12-28 12:11:10,926 - INFO - Making step 22..
2025-12-28 12:11:10,952 - INFO - Making step 23..
2025-12-28 12:11:10,952 - INFO - Optimizing..
2025-12-28 12:11:10,953 - INFO - Done.
2025-12-28 12:11:10,955 - INFO - Making step 24..
2025-12-28 12:11:10,958 - INFO - Making step 25..
2025-12-28 12:11:10,965 - INFO - Making step 26..
2025-12-28 12:11:10,968 - INFO - Making step 27..
2025-12-28 12:11:10,970 - INFO - Optimizing..
2025-12-28 12:11:10,970 - INFO - Done.
2025-12-28 12:11:10,972 - INFO - Making step 28..
2025-12-28 12:11:10,977 - INFO - Making step 29..
2025-12-28 12:11:10,980 - INFO - Making step 30..
2025-12-28 12:11:10,984 - INFO - Making step 31..
2025-12-28 12:11:10,985 - INFO - Optimizing..
2025-12-28 12:11:13,236 - INFO - Done.
2025-12-28 12:11:13,239 - INFO - Making step 32..
2025-12-28 12:11:13,243 - INFO - Making step 33..
2025-12-28 12:11:13,247 - INFO - Making step 34..
2025-12-28 12:11:13,252 - INFO - Making step 35..
2025-12-28 12:11:13,253 - INFO - Optimizing..
2025-12-28 12:11:14,844 - INFO - Done.
2025-12-28 12:11:14,848 - INFO - Making step 36..
2025-12-28 12:11:14,852 - INFO - Making step 37..
2025-12-28 12:11:14,855 - INFO - Making step 38..
2025-12-28 12:11:14,859 - INFO - Making step 39..
2025-12-28 12:11:14,861 - INFO - Optimizing..
