2025-12-28 12:16:30,478 - INFO - Using device: cpu
2025-12-28 12:16:30,479 - INFO - CUDA available: False
2025-12-28 12:16:30,481 - INFO - Environment initialized
2025-12-28 12:16:30,481 - INFO - Screen dimensions: 480x640x3
2025-12-28 12:16:30,481 - INFO - Number of actions: 5
2025-12-28 12:16:30,495 - INFO - Networks initialized
2025-12-28 12:16:30,496 - INFO - Policy network parameters: 742085
2025-12-28 12:16:32,214 - INFO - ============================================================
2025-12-28 12:16:32,215 - INFO - Training Configuration:
2025-12-28 12:16:32,215 - INFO -   BATCH_SIZE: 32
2025-12-28 12:16:32,215 - INFO -   GAMMA: 0.99
2025-12-28 12:16:32,215 - INFO -   EPS_START: 0.9, EPS_END: 0.05, EPS_DECAY: 1000
2025-12-28 12:16:32,217 - INFO -   TAU: 0.005
2025-12-28 12:16:32,217 - INFO -   Learning Rate: 0.0001
2025-12-28 12:16:32,217 - INFO -   NUM_EPISODES: 600
2025-12-28 12:16:32,217 - INFO -   Memory Size: 10000
2025-12-28 12:16:32,217 - INFO -   TARGET_UPDATE: 10 episodes
2025-12-28 12:16:32,217 - INFO -   OPTIMIZE_EVERY: 4 steps
2025-12-28 12:16:32,217 - INFO - ============================================================
2025-12-28 12:16:32,217 - INFO - Starting training...
2025-12-28 12:16:32,224 - INFO - Making step 0..
2025-12-28 12:16:32,228 - INFO - Making step 1..
2025-12-28 12:16:32,232 - INFO - Making step 2..
2025-12-28 12:16:32,235 - INFO - Making step 3..
2025-12-28 12:16:32,236 - INFO - Optimizing..
2025-12-28 12:16:32,236 - INFO - Done.
2025-12-28 12:16:32,238 - INFO - Making step 4..
2025-12-28 12:16:32,241 - INFO - Making step 5..
2025-12-28 12:16:32,245 - INFO - Making step 6..
2025-12-28 12:16:32,248 - INFO - Making step 7..
2025-12-28 12:16:32,250 - INFO - Optimizing..
2025-12-28 12:16:32,250 - INFO - Done.
2025-12-28 12:16:32,252 - INFO - Making step 8..
2025-12-28 12:16:32,255 - INFO - Making step 9..
2025-12-28 12:16:32,258 - INFO - Making step 10..
2025-12-28 12:16:32,262 - INFO - Making step 11..
2025-12-28 12:16:32,263 - INFO - Optimizing..
2025-12-28 12:16:32,263 - INFO - Done.
2025-12-28 12:16:32,265 - INFO - Making step 12..
2025-12-28 12:16:32,268 - INFO - Making step 13..
2025-12-28 12:16:32,294 - INFO - Making step 14..
2025-12-28 12:16:32,297 - INFO - Making step 15..
2025-12-28 12:16:32,298 - INFO - Optimizing..
2025-12-28 12:16:32,298 - INFO - Done.
2025-12-28 12:16:32,301 - INFO - Making step 16..
2025-12-28 12:16:32,321 - INFO - Making step 17..
2025-12-28 12:16:32,324 - INFO - Making step 18..
2025-12-28 12:16:32,327 - INFO - Making step 19..
2025-12-28 12:16:32,328 - INFO - Optimizing..
2025-12-28 12:16:32,328 - INFO - Done.
2025-12-28 12:16:32,330 - INFO - Making step 20..
2025-12-28 12:16:32,349 - INFO - Making step 21..
2025-12-28 12:16:32,352 - INFO - Making step 22..
2025-12-28 12:16:32,355 - INFO - Making step 23..
2025-12-28 12:16:32,356 - INFO - Optimizing..
2025-12-28 12:16:32,356 - INFO - Done.
2025-12-28 12:16:32,358 - INFO - Making step 24..
2025-12-28 12:16:32,360 - INFO - Making step 25..
2025-12-28 12:16:32,362 - INFO - Making step 26..
2025-12-28 12:16:32,365 - INFO - Making step 27..
2025-12-28 12:16:32,366 - INFO - Optimizing..
2025-12-28 12:16:32,367 - INFO - Done.
2025-12-28 12:16:32,368 - INFO - Making step 28..
2025-12-28 12:16:32,372 - INFO - Making step 29..
2025-12-28 12:16:32,374 - INFO - Making step 30..
2025-12-28 12:16:32,377 - INFO - Making step 31..
2025-12-28 12:16:32,379 - INFO - Optimizing..
2025-12-28 12:16:34,062 - INFO - Done.
2025-12-28 12:16:34,065 - INFO - Making step 32..
2025-12-28 12:16:34,069 - INFO - Making step 33..
2025-12-28 12:16:34,073 - INFO - Making step 34..
2025-12-28 12:16:34,077 - INFO - Making step 35..
2025-12-28 12:16:34,078 - INFO - Optimizing..
2025-12-28 12:16:35,630 - INFO - Done.
2025-12-28 12:16:35,633 - INFO - Making step 36..
2025-12-28 12:16:35,636 - INFO - Making step 37..
2025-12-28 12:16:35,639 - INFO - Making step 38..
2025-12-28 12:16:35,642 - INFO - Making step 39..
2025-12-28 12:16:35,643 - INFO - Optimizing..
2025-12-28 12:16:37,037 - INFO - Done.
2025-12-28 12:16:37,042 - INFO - Making step 40..
2025-12-28 12:16:37,045 - INFO - Making step 41..
2025-12-28 12:16:37,048 - INFO - Making step 42..
2025-12-28 12:16:37,055 - INFO - Making step 43..
2025-12-28 12:16:37,057 - INFO - Optimizing..
2025-12-28 12:16:38,602 - INFO - Done.
2025-12-28 12:16:38,605 - INFO - Making step 44..
2025-12-28 12:16:38,607 - INFO - Making step 45..
2025-12-28 12:16:38,610 - INFO - Making step 46..
2025-12-28 12:16:38,630 - INFO - Making step 47..
2025-12-28 12:16:38,631 - INFO - Optimizing..
2025-12-28 12:16:39,943 - INFO - Done.
2025-12-28 12:16:39,946 - INFO - Making step 48..
2025-12-28 12:16:39,949 - INFO - Making step 49..
2025-12-28 12:16:39,966 - INFO - Making step 50..
2025-12-28 12:16:39,971 - INFO - Making step 51..
2025-12-28 12:16:39,972 - INFO - Optimizing..
2025-12-28 12:16:41,233 - INFO - Done.
2025-12-28 12:16:41,235 - INFO - Making step 52..
2025-12-28 12:16:41,238 - INFO - Making step 53..
2025-12-28 12:16:41,241 - INFO - Making step 54..
2025-12-28 12:16:41,244 - INFO - Making step 55..
2025-12-28 12:16:41,245 - INFO - Optimizing..
