2025-12-28 13:46:52,910 - INFO - Using device: cpu
2025-12-28 13:46:52,910 - INFO - CUDA available: False
2025-12-28 13:46:52,912 - INFO - Environment initialized
2025-12-28 13:46:52,912 - INFO - Screen dimensions: 480x640x3
2025-12-28 13:46:52,913 - INFO - Number of actions: 5
2025-12-28 13:46:52,948 - INFO - Networks initialized
2025-12-28 13:46:52,949 - INFO - Policy network parameters: 742085
2025-12-28 13:46:55,885 - INFO - ============================================================
2025-12-28 13:46:55,886 - INFO - Training Configuration:
2025-12-28 13:46:55,886 - INFO -   BATCH_SIZE: 32
2025-12-28 13:46:55,886 - INFO -   GAMMA: 0.99
2025-12-28 13:46:55,886 - INFO -   EPS_START: 0.9, EPS_END: 0.05, EPS_DECAY: 1000
2025-12-28 13:46:55,886 - INFO -   TAU: 0.005
2025-12-28 13:46:55,886 - INFO -   Learning Rate: 0.0001
2025-12-28 13:46:55,886 - INFO -   NUM_EPISODES: 600
2025-12-28 13:46:55,886 - INFO -   Memory Size: 10000
2025-12-28 13:46:55,886 - INFO -   TARGET_UPDATE: 10 episodes
2025-12-28 13:46:55,886 - INFO -   OPTIMIZE_EVERY: 4 steps
2025-12-28 13:46:55,886 - INFO - ============================================================
2025-12-28 13:46:55,886 - INFO - Starting training...
2025-12-28 13:46:55,899 - INFO - Making step 0..
2025-12-28 13:46:55,905 - INFO - Making step 1..
2025-12-28 13:46:55,908 - INFO - Making step 2..
2025-12-28 13:46:55,910 - INFO - Making step 3..
2025-12-28 13:46:55,911 - INFO - Optimizing..
2025-12-28 13:46:55,911 - INFO - Done.
2025-12-28 13:46:55,913 - INFO - Making step 4..
2025-12-28 13:46:55,915 - INFO - Making step 5..
2025-12-28 13:46:55,982 - INFO - Making step 6..
2025-12-28 13:46:55,985 - INFO - Making step 7..
2025-12-28 13:46:55,986 - INFO - Optimizing..
2025-12-28 13:46:55,986 - INFO - Done.
2025-12-28 13:46:55,987 - INFO - Making step 8..
2025-12-28 13:46:55,989 - INFO - Making step 9..
2025-12-28 13:46:55,992 - INFO - Making step 10..
2025-12-28 13:46:55,996 - INFO - Making step 11..
2025-12-28 13:46:55,997 - INFO - Optimizing..
2025-12-28 13:46:55,997 - INFO - Done.
2025-12-28 13:46:56,000 - INFO - Making step 12..
2025-12-28 13:46:56,003 - INFO - Making step 13..
2025-12-28 13:46:56,005 - INFO - Making step 14..
2025-12-28 13:46:56,009 - INFO - Making step 15..
2025-12-28 13:46:56,010 - INFO - Optimizing..
2025-12-28 13:46:56,010 - INFO - Done.
2025-12-28 13:46:56,012 - INFO - Making step 16..
2025-12-28 13:46:56,015 - INFO - Making step 17..
2025-12-28 13:46:56,017 - INFO - Making step 18..
2025-12-28 13:46:56,020 - INFO - Making step 19..
2025-12-28 13:46:56,021 - INFO - Optimizing..
2025-12-28 13:46:56,021 - INFO - Done.
2025-12-28 13:46:56,024 - INFO - Making step 20..
2025-12-28 13:46:56,028 - INFO - Making step 21..
2025-12-28 13:46:56,031 - INFO - Making step 22..
2025-12-28 13:46:56,033 - INFO - Making step 23..
2025-12-28 13:46:56,035 - INFO - Optimizing..
2025-12-28 13:46:56,035 - INFO - Done.
2025-12-28 13:46:56,038 - INFO - Making step 24..
2025-12-28 13:46:56,041 - INFO - Making step 25..
2025-12-28 13:46:56,066 - INFO - Making step 26..
2025-12-28 13:46:56,083 - INFO - Making step 27..
2025-12-28 13:46:56,086 - INFO - Optimizing..
2025-12-28 13:46:56,086 - INFO - Done.
2025-12-28 13:46:56,092 - INFO - Making step 28..
2025-12-28 13:46:56,118 - INFO - Making step 29..
2025-12-28 13:46:56,123 - INFO - Making step 30..
2025-12-28 13:46:56,126 - INFO - Making step 31..
2025-12-28 13:46:56,127 - INFO - Optimizing..
2025-12-28 13:46:57,901 - INFO - Done.
2025-12-28 13:46:57,905 - INFO - Making step 32..
2025-12-28 13:46:57,908 - INFO - Making step 33..
2025-12-28 13:46:57,910 - INFO - Making step 34..
2025-12-28 13:46:57,913 - INFO - Making step 35..
2025-12-28 13:46:57,914 - INFO - Optimizing..
2025-12-28 13:46:59,222 - INFO - Done.
2025-12-28 13:46:59,224 - INFO - Making step 36..
2025-12-28 13:46:59,227 - INFO - Making step 37..
2025-12-28 13:46:59,229 - INFO - Making step 38..
2025-12-28 13:46:59,232 - INFO - Making step 39..
2025-12-28 13:46:59,233 - INFO - Optimizing..
2025-12-28 13:47:00,483 - INFO - Done.
2025-12-28 13:47:00,485 - INFO - Making step 40..
2025-12-28 13:47:00,489 - INFO - Making step 41..
2025-12-28 13:47:00,491 - INFO - Making step 42..
2025-12-28 13:47:00,507 - INFO - Making step 43..
2025-12-28 13:47:00,508 - INFO - Optimizing..
2025-12-28 13:47:01,813 - INFO - Done.
2025-12-28 13:47:01,815 - INFO - Making step 44..
2025-12-28 13:47:01,818 - INFO - Making step 45..
2025-12-28 13:47:01,821 - INFO - Making step 46..
2025-12-28 13:47:01,823 - INFO - Making step 47..
2025-12-28 13:47:01,824 - INFO - Optimizing..
2025-12-28 13:47:03,168 - INFO - Done.
2025-12-28 13:47:03,172 - INFO - Making step 48..
2025-12-28 13:47:03,175 - INFO - Making step 49..
2025-12-28 13:47:03,193 - INFO - Making step 50..
2025-12-28 13:47:03,197 - INFO - Making step 51..
2025-12-28 13:47:03,198 - INFO - Optimizing..
